<?xml version="1.0" encoding="UTF-8"?>
<!-- Generated by org.testng.reporters.JUnitXMLReporter -->
<testsuite ignored="0" hostname="Greeshu" failures="2" tests="2" name="Default test" time="1.385" errors="0" timestamp="2025-05-23T16:14:20 IST">
  <testcase classname="io.cucumber.testng.AbstractTestNGCucumberTests" name="runScenario" time="0.271">
    <failure type="java.lang.Error" message="Unresolved compilation problems: 
	Time cannot be resolved to a type
	Syntax error on token &amp;quot;.&amp;quot;, class expected after this token
">
      <![CDATA[java.lang.Error: Unresolved compilation problems: 
Time cannot be resolved to a type
Syntax error on token ".", class expected after this token

at utils.Hoo123.embedScreenshot(Hoo123.java:62)
]]>
    </failure>
  </testcase> <!-- runScenario -->
  <testcase classname="io.cucumber.testng.AbstractTestNGCucumberTests" name="runScenario" time="0.291">
    <failure type="java.lang.Error" message="Unresolved compilation problems: 
	Time cannot be resolved to a type
	Syntax error on token &amp;quot;.&amp;quot;, class expected after this token
">
      <![CDATA[java.lang.Error: Unresolved compilation problems: 
Time cannot be resolved to a type
Syntax error on token ".", class expected after this token

at utils.Hoo123.embedScreenshot(Hoo123.java:62)
]]>
    </failure>
  </testcase> <!-- runScenario -->
</testsuite> <!-- Default test -->
